mode: set
github.com/sinakovs/bookings/cmd/web/main.go:23.13,25.16 2 0
github.com/sinakovs/bookings/cmd/web/main.go:25.16,27.3 1 0
github.com/sinakovs/bookings/cmd/web/main.go:29.2,37.16 4 0
github.com/sinakovs/bookings/cmd/web/main.go:40.18,56.16 10 1
github.com/sinakovs/bookings/cmd/web/main.go:56.16,59.3 2 0
github.com/sinakovs/bookings/cmd/web/main.go:61.2,70.12 6 1
github.com/sinakovs/bookings/cmd/web/middleware.go:10.45,20.2 3 1
github.com/sinakovs/bookings/cmd/web/middleware.go:23.50,25.2 1 1
github.com/sinakovs/bookings/cmd/web/routes.go:12.49,39.2 19 1
